{"/Users/muhammadmuttaki/Desktop/aircall/src/App.js": {"path":"/Users/muhammadmuttaki/Desktop/aircall/src/App.js","statementMap":{"0":{"start":{"line":11,"column":17},"end":{"line":11,"column":57}},"1":{"start":{"line":13,"column":12},"end":{"line":111,"column":1}},"2":{"start":{"line":14,"column":38},"end":{"line":14,"column":50}},"3":{"start":{"line":15,"column":28},"end":{"line":15,"column":42}},"4":{"start":{"line":16,"column":32},"end":{"line":16,"column":46}},"5":{"start":{"line":18,"column":26},"end":{"line":28,"column":3}},"6":{"start":{"line":19,"column":4},"end":{"line":27,"column":5}},"7":{"start":{"line":20,"column":23},"end":{"line":20,"column":64}},"8":{"start":{"line":21,"column":6},"end":{"line":21,"column":35}},"9":{"start":{"line":22,"column":6},"end":{"line":22,"column":33}},"10":{"start":{"line":24,"column":6},"end":{"line":24,"column":30}},"11":{"start":{"line":26,"column":6},"end":{"line":26,"column":24}},"12":{"start":{"line":30,"column":20},"end":{"line":43,"column":3}},"13":{"start":{"line":31,"column":4},"end":{"line":42,"column":5}},"14":{"start":{"line":32,"column":6},"end":{"line":34,"column":9}},"15":{"start":{"line":35,"column":6},"end":{"line":39,"column":8}},"16":{"start":{"line":36,"column":8},"end":{"line":38,"column":9}},"17":{"start":{"line":37,"column":10},"end":{"line":37,"column":80}},"18":{"start":{"line":41,"column":6},"end":{"line":41,"column":56}},"19":{"start":{"line":45,"column":22},"end":{"line":63,"column":3}},"20":{"start":{"line":46,"column":4},"end":{"line":62,"column":5}},"21":{"start":{"line":47,"column":23},"end":{"line":49,"column":8}},"22":{"start":{"line":51,"column":6},"end":{"line":59,"column":7}},"23":{"start":{"line":52,"column":8},"end":{"line":58,"column":10}},"24":{"start":{"line":53,"column":10},"end":{"line":57,"column":11}},"25":{"start":{"line":54,"column":12},"end":{"line":56,"column":24}},"26":{"start":{"line":61,"column":6},"end":{"line":61,"column":58}},"27":{"start":{"line":65,"column":2},"end":{"line":67,"column":9}},"28":{"start":{"line":66,"column":4},"end":{"line":66,"column":22}},"29":{"start":{"line":69,"column":2},"end":{"line":71,"column":3}},"30":{"start":{"line":70,"column":4},"end":{"line":70,"column":33}},"31":{"start":{"line":73,"column":2},"end":{"line":75,"column":3}},"32":{"start":{"line":74,"column":4},"end":{"line":74,"column":37}},"33":{"start":{"line":77,"column":2},"end":{"line":110,"column":4}},"34":{"start":{"line":113,"column":0},"end":{"line":113,"column":57}}},"fnMap":{"0":{"name":"(anonymous_0)","decl":{"start":{"line":13,"column":12},"end":{"line":13,"column":13}},"loc":{"start":{"line":13,"column":18},"end":{"line":111,"column":1}},"line":13},"1":{"name":"(anonymous_1)","decl":{"start":{"line":18,"column":26},"end":{"line":18,"column":27}},"loc":{"start":{"line":18,"column":38},"end":{"line":28,"column":3}},"line":18},"2":{"name":"(anonymous_2)","decl":{"start":{"line":30,"column":20},"end":{"line":30,"column":21}},"loc":{"start":{"line":30,"column":38},"end":{"line":43,"column":3}},"line":30},"3":{"name":"(anonymous_3)","decl":{"start":{"line":35,"column":20},"end":{"line":35,"column":21}},"loc":{"start":{"line":36,"column":8},"end":{"line":38,"column":9}},"line":36},"4":{"name":"(anonymous_4)","decl":{"start":{"line":36,"column":27},"end":{"line":36,"column":28}},"loc":{"start":{"line":37,"column":10},"end":{"line":37,"column":80}},"line":37},"5":{"name":"(anonymous_5)","decl":{"start":{"line":45,"column":22},"end":{"line":45,"column":23}},"loc":{"start":{"line":45,"column":40},"end":{"line":63,"column":3}},"line":45},"6":{"name":"(anonymous_6)","decl":{"start":{"line":52,"column":22},"end":{"line":52,"column":23}},"loc":{"start":{"line":53,"column":10},"end":{"line":57,"column":11}},"line":53},"7":{"name":"(anonymous_7)","decl":{"start":{"line":53,"column":29},"end":{"line":53,"column":30}},"loc":{"start":{"line":54,"column":12},"end":{"line":56,"column":24}},"line":54},"8":{"name":"(anonymous_8)","decl":{"start":{"line":65,"column":12},"end":{"line":65,"column":13}},"loc":{"start":{"line":65,"column":18},"end":{"line":67,"column":3}},"line":65}},"branchMap":{"0":{"loc":{"start":{"line":37,"column":10},"end":{"line":37,"column":80}},"type":"cond-expr","locations":[{"start":{"line":37,"column":35},"end":{"line":37,"column":69}},{"start":{"line":37,"column":72},"end":{"line":37,"column":80}}],"line":37},"1":{"loc":{"start":{"line":51,"column":6},"end":{"line":59,"column":7}},"type":"if","locations":[{"start":{"line":51,"column":6},"end":{"line":59,"column":7}},{"start":{},"end":{}}],"line":51},"2":{"loc":{"start":{"line":54,"column":12},"end":{"line":56,"column":24}},"type":"cond-expr","locations":[{"start":{"line":55,"column":16},"end":{"line":55,"column":51}},{"start":{"line":56,"column":16},"end":{"line":56,"column":24}}],"line":54},"3":{"loc":{"start":{"line":69,"column":2},"end":{"line":71,"column":3}},"type":"if","locations":[{"start":{"line":69,"column":2},"end":{"line":71,"column":3}},{"start":{},"end":{}}],"line":69},"4":{"loc":{"start":{"line":73,"column":2},"end":{"line":75,"column":3}},"type":"if","locations":[{"start":{"line":73,"column":2},"end":{"line":75,"column":3}},{"start":{},"end":{}}],"line":73}},"s":{"0":0,"1":0,"2":0,"3":0,"4":0,"5":0,"6":0,"7":0,"8":0,"9":0,"10":0,"11":0,"12":0,"13":0,"14":0,"15":0,"16":0,"17":0,"18":0,"19":0,"20":0,"21":0,"22":0,"23":0,"24":0,"25":0,"26":0,"27":0,"28":0,"29":0,"30":0,"31":0,"32":0,"33":0,"34":0},"f":{"0":0,"1":0,"2":0,"3":0,"4":0,"5":0,"6":0,"7":0,"8":0},"b":{"0":[0,0],"1":[0,0],"2":[0,0],"3":[0,0],"4":[0,0]}}
,"/Users/muhammadmuttaki/Desktop/aircall/src/Header.js": {"path":"/Users/muhammadmuttaki/Desktop/aircall/src/Header.js","statementMap":{"0":{"start":{"line":3,"column":15},"end":{"line":23,"column":1}},"1":{"start":{"line":4,"column":2},"end":{"line":22,"column":4}}},"fnMap":{"0":{"name":"(anonymous_0)","decl":{"start":{"line":3,"column":15},"end":{"line":3,"column":16}},"loc":{"start":{"line":3,"column":21},"end":{"line":23,"column":1}},"line":3}},"branchMap":{},"s":{"0":0,"1":0},"f":{"0":0},"b":{}}
,"/Users/muhammadmuttaki/Desktop/aircall/src/index.js": {"path":"/Users/muhammadmuttaki/Desktop/aircall/src/index.js","statementMap":{},"fnMap":{},"branchMap":{},"s":{},"f":{},"b":{}}
,"/Users/muhammadmuttaki/Desktop/aircall/src/components/ActivityDetail/ActivityDetail.js": {"path":"/Users/muhammadmuttaki/Desktop/aircall/src/components/ActivityDetail/ActivityDetail.js","statementMap":{"0":{"start":{"line":7,"column":23},"end":{"line":44,"column":1}},"1":{"start":{"line":8,"column":25},"end":{"line":8,"column":36}},"2":{"start":{"line":9,"column":19},"end":{"line":9,"column":32}},"3":{"start":{"line":10,"column":19},"end":{"line":10,"column":62}},"4":{"start":{"line":10,"column":42},"end":{"line":10,"column":61}},"5":{"start":{"line":12,"column":2},"end":{"line":14,"column":3}},"6":{"start":{"line":13,"column":4},"end":{"line":13,"column":72}},"7":{"start":{"line":16,"column":31},"end":{"line":16,"column":39}},"8":{"start":{"line":17,"column":24},"end":{"line":21,"column":4}},"9":{"start":{"line":23,"column":17},"end":{"line":25,"column":3}},"10":{"start":{"line":24,"column":4},"end":{"line":24,"column":18}},"11":{"start":{"line":27,"column":2},"end":{"line":43,"column":4}}},"fnMap":{"0":{"name":"(anonymous_0)","decl":{"start":{"line":7,"column":23},"end":{"line":7,"column":24}},"loc":{"start":{"line":7,"column":43},"end":{"line":44,"column":1}},"line":7},"1":{"name":"(anonymous_1)","decl":{"start":{"line":10,"column":35},"end":{"line":10,"column":36}},"loc":{"start":{"line":10,"column":42},"end":{"line":10,"column":61}},"line":10},"2":{"name":"(anonymous_2)","decl":{"start":{"line":23,"column":17},"end":{"line":23,"column":18}},"loc":{"start":{"line":23,"column":23},"end":{"line":25,"column":3}},"line":23}},"branchMap":{"0":{"loc":{"start":{"line":12,"column":2},"end":{"line":14,"column":3}},"type":"if","locations":[{"start":{"line":12,"column":2},"end":{"line":14,"column":3}},{"start":{},"end":{}}],"line":12}},"s":{"0":0,"1":0,"2":0,"3":0,"4":0,"5":0,"6":0,"7":0,"8":0,"9":0,"10":0,"11":0},"f":{"0":0,"1":0,"2":0},"b":{"0":[0,0]}}
,"/Users/muhammadmuttaki/Desktop/aircall/src/components/ActivityFeed/ActivityFeed.js": {"path":"/Users/muhammadmuttaki/Desktop/aircall/src/components/ActivityFeed/ActivityFeed.js","statementMap":{"0":{"start":{"line":6,"column":21},"end":{"line":74,"column":1}},"1":{"start":{"line":12,"column":32},"end":{"line":23,"column":3}},"2":{"start":{"line":13,"column":4},"end":{"line":22,"column":11}},"3":{"start":{"line":14,"column":6},"end":{"line":20,"column":7}},"4":{"start":{"line":15,"column":21},"end":{"line":15,"column":65}},"5":{"start":{"line":16,"column":8},"end":{"line":18,"column":9}},"6":{"start":{"line":17,"column":10},"end":{"line":17,"column":28}},"7":{"start":{"line":19,"column":8},"end":{"line":19,"column":36}},"8":{"start":{"line":21,"column":6},"end":{"line":21,"column":20}},"9":{"start":{"line":25,"column":21},"end":{"line":31,"column":3}},"10":{"start":{"line":26,"column":4},"end":{"line":30,"column":7}},"11":{"start":{"line":27,"column":6},"end":{"line":29,"column":7}},"12":{"start":{"line":28,"column":8},"end":{"line":28,"column":31}},"13":{"start":{"line":33,"column":22},"end":{"line":37,"column":52}},"14":{"start":{"line":35,"column":6},"end":{"line":35,"column":65}},"15":{"start":{"line":35,"column":43},"end":{"line":35,"column":64}},"16":{"start":{"line":37,"column":20},"end":{"line":37,"column":51}},"17":{"start":{"line":39,"column":2},"end":{"line":73,"column":4}},"18":{"start":{"line":46,"column":38},"end":{"line":48,"column":9}},"19":{"start":{"line":47,"column":24},"end":{"line":47,"column":77}},"20":{"start":{"line":49,"column":8},"end":{"line":49,"column":60}},"21":{"start":{"line":49,"column":48},"end":{"line":49,"column":60}},"22":{"start":{"line":50,"column":8},"end":{"line":70,"column":10}},"23":{"start":{"line":61,"column":16},"end":{"line":66,"column":18}}},"fnMap":{"0":{"name":"(anonymous_0)","decl":{"start":{"line":6,"column":21},"end":{"line":6,"column":22}},"loc":{"start":{"line":11,"column":6},"end":{"line":74,"column":1}},"line":11},"1":{"name":"(anonymous_1)","decl":{"start":{"line":12,"column":32},"end":{"line":12,"column":33}},"loc":{"start":{"line":12,"column":48},"end":{"line":23,"column":3}},"line":12},"2":{"name":"(anonymous_2)","decl":{"start":{"line":13,"column":29},"end":{"line":13,"column":30}},"loc":{"start":{"line":13,"column":51},"end":{"line":22,"column":5}},"line":13},"3":{"name":"(anonymous_3)","decl":{"start":{"line":25,"column":21},"end":{"line":25,"column":22}},"loc":{"start":{"line":25,"column":27},"end":{"line":31,"column":3}},"line":25},"4":{"name":"(anonymous_4)","decl":{"start":{"line":26,"column":23},"end":{"line":26,"column":24}},"loc":{"start":{"line":26,"column":37},"end":{"line":30,"column":5}},"line":26},"5":{"name":"(anonymous_5)","decl":{"start":{"line":34,"column":12},"end":{"line":34,"column":13}},"loc":{"start":{"line":35,"column":6},"end":{"line":35,"column":65}},"line":35},"6":{"name":"(anonymous_6)","decl":{"start":{"line":35,"column":29},"end":{"line":35,"column":30}},"loc":{"start":{"line":35,"column":43},"end":{"line":35,"column":64}},"line":35},"7":{"name":"(anonymous_7)","decl":{"start":{"line":37,"column":10},"end":{"line":37,"column":11}},"loc":{"start":{"line":37,"column":20},"end":{"line":37,"column":51}},"line":37},"8":{"name":"(anonymous_8)","decl":{"start":{"line":45,"column":23},"end":{"line":45,"column":24}},"loc":{"start":{"line":45,"column":54},"end":{"line":71,"column":7}},"line":45},"9":{"name":"(anonymous_9)","decl":{"start":{"line":47,"column":10},"end":{"line":47,"column":11}},"loc":{"start":{"line":47,"column":24},"end":{"line":47,"column":77}},"line":47},"10":{"name":"(anonymous_10)","decl":{"start":{"line":60,"column":41},"end":{"line":60,"column":42}},"loc":{"start":{"line":61,"column":16},"end":{"line":66,"column":18}},"line":61}},"branchMap":{"0":{"loc":{"start":{"line":14,"column":6},"end":{"line":20,"column":7}},"type":"if","locations":[{"start":{"line":14,"column":6},"end":{"line":20,"column":7}},{"start":{},"end":{}}],"line":14},"1":{"loc":{"start":{"line":14,"column":10},"end":{"line":14,"column":38}},"type":"binary-expr","locations":[{"start":{"line":14,"column":10},"end":{"line":14,"column":21}},{"start":{"line":14,"column":25},"end":{"line":14,"column":38}}],"line":14},"2":{"loc":{"start":{"line":16,"column":8},"end":{"line":18,"column":9}},"type":"if","locations":[{"start":{"line":16,"column":8},"end":{"line":18,"column":9}},{"start":{},"end":{}}],"line":16},"3":{"loc":{"start":{"line":27,"column":6},"end":{"line":29,"column":7}},"type":"if","locations":[{"start":{"line":27,"column":6},"end":{"line":29,"column":7}},{"start":{},"end":{}}],"line":27},"4":{"loc":{"start":{"line":47,"column":24},"end":{"line":47,"column":77}},"type":"binary-expr","locations":[{"start":{"line":47,"column":24},"end":{"line":47,"column":45}},{"start":{"line":47,"column":49},"end":{"line":47,"column":62}},{"start":{"line":47,"column":66},"end":{"line":47,"column":77}}],"line":47},"5":{"loc":{"start":{"line":49,"column":8},"end":{"line":49,"column":60}},"type":"if","locations":[{"start":{"line":49,"column":8},"end":{"line":49,"column":60}},{"start":{},"end":{}}],"line":49}},"s":{"0":1,"1":2,"2":2,"3":4,"4":4,"5":4,"6":2,"7":4,"8":4,"9":2,"10":1,"11":2,"12":1,"13":2,"14":2,"15":2,"16":0,"17":2,"18":2,"19":4,"20":2,"21":0,"22":2,"23":2},"f":{"0":2,"1":2,"2":4,"3":1,"4":2,"5":2,"6":2,"7":0,"8":2,"9":4,"10":2},"b":{"0":[4,0],"1":[4,0],"2":[2,2],"3":[1,1],"4":[4,2,2],"5":[0,2]},"_coverageSchema":"1a1c01bbd47fc00a2c39e90264f33305004495a9","hash":"b694db8dc1427e33be0b5d8777fa1b5ad77a62d0"}
,"/Users/muhammadmuttaki/Desktop/aircall/src/components/ActivityItem/ActivityItem.js": {"path":"/Users/muhammadmuttaki/Desktop/aircall/src/components/ActivityItem/ActivityItem.js","statementMap":{"0":{"start":{"line":8,"column":21},"end":{"line":55,"column":1}},"1":{"start":{"line":10,"column":4},"end":{"line":10,"column":12}},"2":{"start":{"line":13,"column":2},"end":{"line":13,"column":47}},"3":{"start":{"line":13,"column":35},"end":{"line":13,"column":47}},"4":{"start":{"line":15,"column":19},"end":{"line":15,"column":32}},"5":{"start":{"line":16,"column":24},"end":{"line":18,"column":4}},"6":{"start":{"line":21,"column":4},"end":{"line":21,"column":71}},"7":{"start":{"line":22,"column":25},"end":{"line":22,"column":69}},"8":{"start":{"line":24,"column":22},"end":{"line":24,"column":57}},"9":{"start":{"line":26,"column":29},"end":{"line":29,"column":3}},"10":{"start":{"line":27,"column":4},"end":{"line":27,"column":24}},"11":{"start":{"line":28,"column":4},"end":{"line":28,"column":18}},"12":{"start":{"line":31,"column":26},"end":{"line":33,"column":3}},"13":{"start":{"line":32,"column":4},"end":{"line":32,"column":32}},"14":{"start":{"line":35,"column":2},"end":{"line":54,"column":4}}},"fnMap":{"0":{"name":"(anonymous_0)","decl":{"start":{"line":8,"column":21},"end":{"line":8,"column":22}},"loc":{"start":{"line":8,"column":50},"end":{"line":55,"column":1}},"line":8},"1":{"name":"(anonymous_1)","decl":{"start":{"line":26,"column":29},"end":{"line":26,"column":30}},"loc":{"start":{"line":26,"column":36},"end":{"line":29,"column":3}},"line":26},"2":{"name":"(anonymous_2)","decl":{"start":{"line":31,"column":26},"end":{"line":31,"column":27}},"loc":{"start":{"line":31,"column":32},"end":{"line":33,"column":3}},"line":31}},"branchMap":{"0":{"loc":{"start":{"line":13,"column":2},"end":{"line":13,"column":47}},"type":"if","locations":[{"start":{"line":13,"column":2},"end":{"line":13,"column":47}},{"start":{},"end":{}}],"line":13},"1":{"loc":{"start":{"line":13,"column":6},"end":{"line":13,"column":33}},"type":"binary-expr","locations":[{"start":{"line":13,"column":6},"end":{"line":13,"column":17}},{"start":{"line":13,"column":21},"end":{"line":13,"column":26}},{"start":{"line":13,"column":30},"end":{"line":13,"column":33}}],"line":13},"2":{"loc":{"start":{"line":21,"column":4},"end":{"line":21,"column":71}},"type":"cond-expr","locations":[{"start":{"line":21,"column":30},"end":{"line":21,"column":51}},{"start":{"line":21,"column":54},"end":{"line":21,"column":71}}],"line":21},"3":{"loc":{"start":{"line":22,"column":25},"end":{"line":22,"column":69}},"type":"cond-expr","locations":[{"start":{"line":22,"column":50},"end":{"line":22,"column":62}},{"start":{"line":22,"column":65},"end":{"line":22,"column":69}}],"line":22},"4":{"loc":{"start":{"line":24,"column":22},"end":{"line":24,"column":57}},"type":"cond-expr","locations":[{"start":{"line":24,"column":48},"end":{"line":24,"column":52}},{"start":{"line":24,"column":55},"end":{"line":24,"column":57}}],"line":24},"5":{"loc":{"start":{"line":38,"column":9},"end":{"line":42,"column":9}},"type":"cond-expr","locations":[{"start":{"line":39,"column":10},"end":{"line":39,"column":54}},{"start":{"line":41,"column":10},"end":{"line":41,"column":48}}],"line":38},"6":{"loc":{"start":{"line":48,"column":7},"end":{"line":52,"column":7}},"type":"binary-expr","locations":[{"start":{"line":48,"column":7},"end":{"line":48,"column":19}},{"start":{"line":49,"column":8},"end":{"line":51,"column":14}}],"line":48}},"s":{"0":2,"1":4,"2":4,"3":0,"4":4,"5":4,"6":4,"7":4,"8":4,"9":4,"10":1,"11":1,"12":4,"13":0,"14":4},"f":{"0":4,"1":1,"2":0},"b":{"0":[0,4],"1":[4,4,4],"2":[2,2],"3":[2,2],"4":[2,2],"5":[2,2],"6":[4,4]},"_coverageSchema":"1a1c01bbd47fc00a2c39e90264f33305004495a9","hash":"cbdc76b09eaab595cc75706b1739f168612057af"}
,"/Users/muhammadmuttaki/Desktop/aircall/src/components/Archive/Archive.js": {"path":"/Users/muhammadmuttaki/Desktop/aircall/src/components/Archive/Archive.js","statementMap":{"0":{"start":{"line":6,"column":16},"end":{"line":32,"column":1}},"1":{"start":{"line":7,"column":23},"end":{"line":13,"column":3}},"2":{"start":{"line":8,"column":4},"end":{"line":12,"column":7}},"3":{"start":{"line":9,"column":6},"end":{"line":11,"column":7}},"4":{"start":{"line":10,"column":8},"end":{"line":10,"column":33}},"5":{"start":{"line":15,"column":2},"end":{"line":31,"column":4}},"6":{"start":{"line":22,"column":30},"end":{"line":22,"column":50}},"7":{"start":{"line":24,"column":10},"end":{"line":28,"column":12}}},"fnMap":{"0":{"name":"(anonymous_0)","decl":{"start":{"line":6,"column":16},"end":{"line":6,"column":17}},"loc":{"start":{"line":6,"column":49},"end":{"line":32,"column":1}},"line":6},"1":{"name":"(anonymous_1)","decl":{"start":{"line":7,"column":23},"end":{"line":7,"column":24}},"loc":{"start":{"line":7,"column":29},"end":{"line":13,"column":3}},"line":7},"2":{"name":"(anonymous_2)","decl":{"start":{"line":8,"column":23},"end":{"line":8,"column":24}},"loc":{"start":{"line":8,"column":37},"end":{"line":12,"column":5}},"line":8},"3":{"name":"(anonymous_3)","decl":{"start":{"line":22,"column":16},"end":{"line":22,"column":17}},"loc":{"start":{"line":22,"column":30},"end":{"line":22,"column":50}},"line":22},"4":{"name":"(anonymous_4)","decl":{"start":{"line":23,"column":13},"end":{"line":23,"column":14}},"loc":{"start":{"line":24,"column":10},"end":{"line":28,"column":12}},"line":24}},"branchMap":{"0":{"loc":{"start":{"line":9,"column":6},"end":{"line":11,"column":7}},"type":"if","locations":[{"start":{"line":9,"column":6},"end":{"line":11,"column":7}},{"start":{},"end":{}}],"line":9}},"s":{"0":1,"1":2,"2":1,"3":3,"4":2,"5":2,"6":6,"7":4},"f":{"0":2,"1":1,"2":3,"3":6,"4":4},"b":{"0":[2,1]},"_coverageSchema":"1a1c01bbd47fc00a2c39e90264f33305004495a9","hash":"c3fd339bc004a197955781c56ea7b551f1977216"}
,"/Users/muhammadmuttaki/Desktop/aircall/src/components/Archive/ArchivedItem/ArchivedItem.js": {"path":"/Users/muhammadmuttaki/Desktop/aircall/src/components/Archive/ArchivedItem/ArchivedItem.js","statementMap":{"0":{"start":{"line":11,"column":21},"end":{"line":50,"column":1}},"1":{"start":{"line":12,"column":61},"end":{"line":12,"column":69}},"2":{"start":{"line":13,"column":19},"end":{"line":13,"column":32}},"3":{"start":{"line":14,"column":24},"end":{"line":16,"column":4}},"4":{"start":{"line":18,"column":4},"end":{"line":18,"column":71}},"5":{"start":{"line":19,"column":25},"end":{"line":19,"column":69}},"6":{"start":{"line":20,"column":22},"end":{"line":20,"column":57}},"7":{"start":{"line":22,"column":26},"end":{"line":24,"column":3}},"8":{"start":{"line":23,"column":4},"end":{"line":23,"column":32}},"9":{"start":{"line":26,"column":31},"end":{"line":29,"column":3}},"10":{"start":{"line":27,"column":4},"end":{"line":27,"column":24}},"11":{"start":{"line":28,"column":4},"end":{"line":28,"column":20}},"12":{"start":{"line":31,"column":2},"end":{"line":49,"column":4}}},"fnMap":{"0":{"name":"(anonymous_0)","decl":{"start":{"line":11,"column":21},"end":{"line":11,"column":22}},"loc":{"start":{"line":11,"column":52},"end":{"line":50,"column":1}},"line":11},"1":{"name":"(anonymous_1)","decl":{"start":{"line":22,"column":26},"end":{"line":22,"column":27}},"loc":{"start":{"line":22,"column":32},"end":{"line":24,"column":3}},"line":22},"2":{"name":"(anonymous_2)","decl":{"start":{"line":26,"column":31},"end":{"line":26,"column":32}},"loc":{"start":{"line":26,"column":38},"end":{"line":29,"column":3}},"line":26}},"branchMap":{"0":{"loc":{"start":{"line":18,"column":4},"end":{"line":18,"column":71}},"type":"cond-expr","locations":[{"start":{"line":18,"column":30},"end":{"line":18,"column":51}},{"start":{"line":18,"column":54},"end":{"line":18,"column":71}}],"line":18},"1":{"loc":{"start":{"line":19,"column":25},"end":{"line":19,"column":69}},"type":"cond-expr","locations":[{"start":{"line":19,"column":50},"end":{"line":19,"column":62}},{"start":{"line":19,"column":65},"end":{"line":19,"column":69}}],"line":19},"2":{"loc":{"start":{"line":20,"column":22},"end":{"line":20,"column":57}},"type":"cond-expr","locations":[{"start":{"line":20,"column":48},"end":{"line":20,"column":52}},{"start":{"line":20,"column":55},"end":{"line":20,"column":57}}],"line":20},"3":{"loc":{"start":{"line":34,"column":9},"end":{"line":38,"column":9}},"type":"cond-expr","locations":[{"start":{"line":35,"column":10},"end":{"line":35,"column":54}},{"start":{"line":37,"column":10},"end":{"line":37,"column":48}}],"line":34}},"s":{"0":0,"1":0,"2":0,"3":0,"4":0,"5":0,"6":0,"7":0,"8":0,"9":0,"10":0,"11":0,"12":0},"f":{"0":0,"1":0,"2":0},"b":{"0":[0,0],"1":[0,0],"2":[0,0],"3":[0,0]}}
,"/Users/muhammadmuttaki/Desktop/aircall/src/components/Navigation/Navigation.js": {"path":"/Users/muhammadmuttaki/Desktop/aircall/src/components/Navigation/Navigation.js","statementMap":{"0":{"start":{"line":5,"column":19},"end":{"line":16,"column":1}},"1":{"start":{"line":6,"column":2},"end":{"line":15,"column":4}}},"fnMap":{"0":{"name":"(anonymous_0)","decl":{"start":{"line":5,"column":19},"end":{"line":5,"column":20}},"loc":{"start":{"line":5,"column":25},"end":{"line":16,"column":1}},"line":5}},"branchMap":{},"s":{"0":0,"1":0},"f":{"0":0},"b":{}}
}
